"../../../Engine/Content/ArtTools/RenderToTexture/Enums/RenderToTexture_Enum.uasset" 0
"../../../Engine/Content/ArtTools/RenderToTexture/Enums/RenderToTexture_Flipbook_Enum.uasset" 1
"../../../Engine/Content/ArtTools/RenderToTexture/Enums/RenderToTexture_Imposter_Enum.uasset" 2
"../../../Engine/Content/EditorBlueprintResources/StandardMacros.uasset" 3
"../../../Engine/Content/ArtTools/RenderToTexture/Enums/EIntTypes.uasset" 4
"../../../Engine/Content/ArtTools/RenderToTexture/Macros/RenderToTextureFunctionLibrary.uasset" 5
"../../../Engine/Content/ArtTools/RenderToTexture/Enums/EFloatTypes.uasset" 6
"../../../Engine/Content/ArtTools/RenderToTexture/Macros/RenderToTextureMacros.uasset" 7
"../../../Engine/Content/Functions/Engine_MaterialFunctions01/Opacity/CameraDepthFade.uasset" 8
"../../../Engine/Content/EngineMaterials/T_Default_Material_Grid_M.uasset" 9
"../../../Engine/Content/EngineMaterials/T_Default_Material_Grid_N.uasset" 10
"../../../Engine/Content/EngineMaterials/WorldGridMaterial.uasset" 11
"../../../Engine/Content/ArtTools/RenderToTexture/Meshes/S_1_Unit_Plane.uasset" 12
"../../../Engine/Content/EngineMaterials/DefaultMaterial.uasset" 13
"../../../Engine/Content/BasicShapes/Cone.uasset" 14
"../../../Engine/Content/EngineMaterials/DefaultPhysicalMaterial.uasset" 15
"../../../Engine/Content/BufferVisualization/AmbientOcclusion.uasset" 16
"../../../Engine/Content/BufferVisualization/BaseColor.uasset" 17
"../../../Engine/Content/BufferVisualization/CustomDepth.uasset" 18
"../../../Engine/Content/Functions/Engine_MaterialFunctions02/Utility/VectorLength.uasset" 19
"../../../Engine/Content/BufferVisualization/CustomDepthWorldUnits.uasset" 20
"../../../Engine/Content/Functions/Engine_MaterialFunctions02/Utility/BreakOutFloat2Components.uasset" 21
"../../../Engine/Content/Functions/Engine_MaterialFunctions01/Texturing/ScaleUVsByCenter.uasset" 22
"../../../Engine/Content/Functions/Engine_MaterialFunctions02/ScreenResolution.uasset" 23
"../../../Engine/Content/Functions/Engine_MaterialFunctions02/Texturing/ScreenAlignedUVs.uasset" 24
"../../../Engine/Content/Functions/Engine_MaterialFunctions02/Utility/MakeFloat2.uasset" 25
"../../../Engine/Content/Functions/Engine_MaterialFunctions02/Utility/MakeFloat3.uasset" 26
"../../../Engine/Content/EngineMaterials/MiniFont.uasset" 27
"../../../Engine/Content/BufferVisualization/CustomStencil.uasset" 28
"../../../Engine/Content/BufferVisualization/FinalImage.uasset" 29
"../../../Engine/Content/BufferVisualization/LightingModel.uasset" 30
"../../../Engine/Content/BufferVisualization/MaterialAO.uasset" 31
"../../../Engine/Content/BufferVisualization/Metallic.uasset" 32
"../../../Engine/Content/BufferVisualization/Opacity.uasset" 33
"../../../Engine/Content/BufferVisualization/PostTonemapHDRColor.uasset" 34
"../../../Engine/Content/BufferVisualization/PreTonemapHDRColor.uasset" 35
"../../../Engine/Content/BufferVisualization/Roughness.uasset" 36
"../../../Engine/Content/BufferVisualization/SceneColor.uasset" 37
"../../../Engine/Content/BufferVisualization/SceneDepth.uasset" 38
"../../../Engine/Content/BufferVisualization/SceneDepthWorldUnits.uasset" 39
"../../../Engine/Content/BufferVisualization/SeparateTranslucencyA.uasset" 40
"../../../Engine/Content/BufferVisualization/SeparateTranslucencyRGB.uasset" 41
"../../../Engine/Content/BufferVisualization/Specular.uasset" 42
"../../../Engine/Content/BufferVisualization/SubsurfaceColor.uasset" 43
"../../../Engine/Content/BufferVisualization/WorldNormal.uasset" 44
"../../../Engine/Content/EditorBlueprintResources/ActorMacros.uasset" 45
"../../../Engine/Content/EditorLandscapeResources/DataLayer.uasset" 46
"../../../Engine/Content/EditorLandscapeResources/DefaultAlphaTexture.uasset" 47
"../../../Engine/Content/EditorLandscapeResources/LandscapeGizmoHeight_Mat.uasset" 48
"../../../Engine/Content/EditorLandscapeResources/LandscapeGizmo_Mat.uasset" 49
"../../../Engine/Content/EditorLandscapeResources/LandscapeGizmo_Mat_Copied.uasset" 50
"../../../Engine/Content/EditorLandscapeResources/SplineEditorMeshMat.uasset" 51
"../../../Engine/Content/EditorLandscapeResources/SplineEditorMesh.uasset" 52
"../../../Engine/Content/EditorMaterials/Cross.uasset" 53
"../../../Engine/Content/EditorMaterials/Cross_Mat.uasset" 54
"../../../Engine/Content/EditorMaterials/GizmoMaterial.uasset" 55
"../../../Engine/Content/Functions/Engine_MaterialFunctions02/Utility/Sign.uasset" 56
"../../../Engine/Content/Functions/Engine_MaterialFunctions02/Utility/Round.uasset" 57
"../../../Engine/Content/Functions/Engine_MaterialFunctions02/ExampleContent/Textures/flipbook.uasset" 58
"../../../Engine/Content/Functions/Engine_MaterialFunctions02/Texturing/FlipBook.uasset" 59
"../../../Engine/Content/EditorResources/T_EditorHelp.uasset" 60
"../../../Engine/Content/EditorMaterials/HelpActorMaterial.uasset" 61
"../../../Engine/Content/EditorMaterials/CompositeARGBLayer.uasset" 62
"../../../Engine/Content/EditorMaterials/TilingAALineIntegral.uasset" 63
"../../../Engine/Content/EditorMaterials/TilingAALineBoxFiltered.uasset" 64
"../../../Engine/Content/Functions/Engine_MaterialFunctions03/Procedurals/ComputeFilterWidth.uasset" 65
"../../../Engine/Content/EditorMaterials/TilingAADots.uasset" 66
"../../../Engine/Content/EditorMaterials/Cascade/CASC_Cross.uasset" 67
"../../../Engine/Content/EditorMaterials/Cascade/CASC_None.uasset" 68
"../../../Engine/Content/Functions/Engine_MaterialFunctions03/Blends/Blend_Screen.uasset" 69
"../../../Engine/Content/EditorMaterials/TilingAAGrid.uasset" 70
"../../../Engine/Content/EditorMaterials/LevelGridMaterial.uasset" 71
"../../../Engine/Content/EditorMaterials/MakeCompositeARGBLayer.uasset" 72
"../../../Engine/Content/EditorResources/LevelGrid1DStripes.uasset" 73
"../../../Engine/Content/EditorMaterials/TextureGridCascaded1D.uasset" 74
"../../../Engine/Content/EditorMaterials/TextureGridCascaded2D.uasset" 75
"../../../Engine/Content/EditorMaterials/LevelGridMaterial2.uasset" 76
"../../../Engine/Content/EditorMaterials/MAT_Groups_Toggle.uasset" 77
"../../../Engine/Content/EditorMaterials/MAT_Groups_Visibility.uasset" 78
"../../../Engine/Content/EditorMaterials/AntialiasedGridFloor.uasset" 79
"../../../Engine/Content/EditorResources/TilePatine_D.uasset" 80
"../../../Engine/Content/EditorResources/TilePatine_N.uasset" 81
"../../../Engine/Content/EngineMaterials/Grid.uasset" 82
"../../../Engine/Content/EditorMaterials/PersonaFloorMat.uasset" 83
"../../../Engine/Content/EditorMaterials/PhAT_BoneSelectedMaterial.uasset" 84
"../../../Engine/Content/EditorMaterials/PhAT_ElemSelectedMaterial.uasset" 85
"../../../Engine/Content/EditorMaterials/PhAT_NoCollisionMaterial.uasset" 86
"../../../Engine/Content/EditorMaterials/PhAT_UnselectedMaterial.uasset" 87
"../../../Engine/Content/EditorMaterials/PreviewShadowIndicator.uasset" 88
"../../../Engine/Content/EditorMaterials/PreviewShadowIndicatorMaterial.uasset" 89
"../../../Engine/Content/EditorMaterials/TargetIcon.uasset" 90
"../../../Engine/Content/EditorMaterials/Tick.uasset" 91
"../../../Engine/Content/EditorMaterials/Tick_Mat.uasset" 92
"../../../Engine/Content/EditorMaterials/WidgetGridVertexColorMaterial.uasset" 93
"../../../Engine/Content/EditorMaterials/WidgetGridVertexColorMaterial_Ma.uasset" 94
"../../../Engine/Content/EditorMaterials/WidgetMaterial.uasset" 95
"../../../Engine/Content/EditorMaterials/WidgetMaterial_Current.uasset" 96
"../../../Engine/Content/EditorMaterials/WidgetMaterial_X.uasset" 97
"../../../Engine/Content/EditorMaterials/WidgetMaterial_Y.uasset" 98
"../../../Engine/Content/EditorMaterials/WidgetMaterial_Z.uasset" 99
"../../../Engine/Content/EditorMaterials/WidgetVertexColorMaterial.uasset" 100
"../../../Engine/Content/EditorMaterials/AssetViewer/EpicQuadPanorama_CC+EV1.uasset" 101
"../../../Engine/Content/MapTemplates/Sky/SunsetAmbientCubemap.uasset" 102
"../../../Engine/Content/EditorMaterials/AssetViewer/M_SkyBox.uasset" 103
"../../../Engine/Content/EditorMaterials/MatineeGroups/MAT_ColorTrack.uasset" 104
"../../../Engine/Content/EditorMaterials/MatineeGroups/MAT_Groups_Anim.uasset" 105
"../../../Engine/Content/EditorMaterials/MatineeGroups/MAT_Groups_AudioMaster.uasset" 106
"../../../Engine/Content/EditorMaterials/MatineeGroups/MAT_Groups_Director.uasset" 107
"../../../Engine/Content/EditorMaterials/MatineeGroups/MAT_Groups_Event.uasset" 108
"../../../Engine/Content/EditorMaterials/MatineeGroups/MAT_Groups_Fade.uasset" 109
"../../../Engine/Content/EditorMaterials/MatineeGroups/MAT_Groups_Float.uasset" 110
"../../../Engine/Content/EditorMaterials/MatineeGroups/MAT_Groups_Move.uasset" 111
"../../../Engine/Content/EditorMaterials/MatineeGroups/MAT_Groups_Slomo.uasset" 112
"../../../Engine/Content/EditorMaterials/MatineeGroups/MAT_Groups_Sound.uasset" 113
"../../../Engine/Content/EditorMaterials/MatineeGroups/MAT_Groups_Vector.uasset" 114
"../../../Engine/Content/EditorMaterials/ParticleSystems/PSysThumbnail_NoImage.uasset" 115
"../../../Engine/Content/EditorMaterials/ParticleSystems/PSysThumbnail_OOD.uasset" 116
"../../../Engine/Content/EditorMaterials/Thumbnails/FloorPlaneMaterial.uasset" 117
"../../../Engine/Content/EditorMeshes/EditorCylinder.uasset" 118
"../../../Engine/Content/EditorMeshes/EditorPlane.uasset" 119
"../../../Engine/Content/EditorMaterials/Thumbnails/SkySphereMaterial.uasset" 120
"../../../Engine/Content/EditorMeshes/EditorSkySphere.uasset" 121
"../../../Engine/Content/EditorMeshes/EditorSphere.uasset" 122
"../../../Engine/Content/EditorResources/MatineeCam_D.uasset" 123
"../../../Engine/Content/EditorMaterials/MatineeCam_mat.uasset" 124
"../../../Engine/Content/EditorMeshes/MatineeCam_SM.uasset" 125
"../../../Engine/Content/Functions/Engine_MaterialFunctions01/Shading/ConvertFromDiffSpec.uasset" 126
"../../../Engine/Content/EditorMaterials/GridMaterial.uasset" 127
"../../../Engine/Content/EditorMeshes/PhAT_FloorBox.uasset" 128
"../../../Engine/Content/EditorMeshes/AssetViewer/Floor_Mesh.uasset" 129
"../../../Engine/Content/EditorMeshes/AssetViewer/Sphere_inversenormals.uasset" 130
"../../../Engine/Content/EditorMaterials/Camera/CineMat.uasset" 131
"../../../Engine/Content/EditorMaterials/Camera/MI_CineMat_CameraBody.uasset" 132
"../../../Engine/Content/EngineDebugMaterials/M_SimpleOpaque.uasset" 133
"../../../Engine/Content/EditorMaterials/Camera/MI_CineMat_CamViewFinder.uasset" 134
"../../../Engine/Content/EditorMeshes/Camera/SM_CineCam.uasset" 135
"../../../Engine/Content/EditorMaterials/Camera/MI_CineMat_Rig.uasset" 136
"../../../Engine/Content/EditorMeshes/Camera/SM_CraneRig_Arm.uasset" 137
"../../../Engine/Content/EditorMeshes/Camera/SM_CraneRig_Base.uasset" 138
"../../../Engine/Content/EditorMeshes/Camera/SM_CraneRig_Body.uasset" 139
"../../../Engine/Content/EditorMeshes/Camera/SM_CraneRig_Mount.uasset" 140
"../../../Engine/Content/EditorMeshes/Camera/SM_RailRig_Mount.uasset" 141
"../../../Engine/Content/EditorMeshes/Camera/SM_RailRig_Track.uasset" 142
"../../../Engine/Content/EditorResources/Bad.uasset" 143
"../../../Engine/Content/EditorResources/BSPVertex.uasset" 144
"../../../Engine/Content/EditorResources/EmptyActor.uasset" 145
"../../../Engine/Content/EditorResources/MatInstActSprite.uasset" 146
"../../../Engine/Content/EditorResources/RGBTable16x1_AssetViewer.uasset" 147
"../../../Engine/Content/EditorResources/SceneManager.uasset" 148
"../../../Engine/Content/EditorResources/SmallFont.uasset" 149
"../../../Engine/Content/EditorResources/S_Actor.uasset" 150
"../../../Engine/Content/EditorResources/S_DecalActorIcon.uasset" 151
"../../../Engine/Content/EditorResources/S_Emitter.uasset" 152
"../../../Engine/Content/EditorResources/S_ExpoHeightFog.uasset" 153
"../../../Engine/Content/EditorResources/S_FTest.uasset" 154
"../../../Engine/Content/EditorResources/S_KBSJoint.uasset" 155
"../../../Engine/Content/EditorResources/S_KHinge.uasset" 156
"../../../Engine/Content/EditorResources/S_KPrismatic.uasset" 157
"../../../Engine/Content/EditorResources/S_LevelSequence.uasset" 158
"../../../Engine/Content/EditorResources/S_NavP.uasset" 159
"../../../Engine/Content/EditorResources/S_Note.uasset" 160
"../../../Engine/Content/EditorResources/S_Player.uasset" 161
"../../../Engine/Content/EditorResources/S_PortalActorIcon2.uasset" 162
"../../../Engine/Content/EditorResources/S_RadForce.uasset" 163
"../../../Engine/Content/EditorResources/S_ReflActorIcon.uasset" 164
"../../../Engine/Content/EditorResources/S_Terrain.uasset" 165
"../../../Engine/Content/EditorResources/S_TextRenderActorIcon.uasset" 166
"../../../Engine/Content/EditorResources/S_Thruster.uasset" 167
"../../../Engine/Content/EditorResources/S_Trigger.uasset" 168
"../../../Engine/Content/EditorResources/S_VectorFieldVol.uasset" 169
"../../../Engine/Content/EditorResources/S_WindDirectional.uasset" 170
"../../../Engine/Content/EditorResources/AI/S_NavLink.uasset" 171
"../../../Engine/Content/EditorResources/AudioIcons/S_AudioComponent.uasset" 172
"../../../Engine/Content/EditorResources/AudioIcons/S_AudioComponent_AutoActivate.uasset" 173
"../../../Engine/Content/EditorResources/LightIcons/SkyLight.uasset" 174
"../../../Engine/Content/EditorResources/LightIcons/S_LightDirectional.uasset" 175
"../../../Engine/Content/EditorResources/LightIcons/S_LightDirectionalMove.uasset" 176
"../../../Engine/Content/EditorResources/LightIcons/S_LightError.uasset" 177
"../../../Engine/Content/EditorResources/LightIcons/S_LightPoint.uasset" 178
"../../../Engine/Content/EditorResources/LightIcons/S_LightPointMove.uasset" 179
"../../../Engine/Content/EditorResources/LightIcons/S_LightSpot.uasset" 180
"../../../Engine/Content/EditorResources/LightIcons/S_LightSpotMove.uasset" 181
"../../../Engine/Content/EditorResources/SequenceRecorder/Countdown.uasset" 182
"../../../Engine/Content/EditorResources/SequenceRecorder/RecordingIndicator.uasset" 183
"../../../Engine/Content/EditorResources/Spline/T_Loft_Spline.uasset" 184
"../../../Engine/Content/EditorSounds/GamePreview/EndPlayInEditor.uasset" 185
"../../../Engine/Content/EditorSounds/GamePreview/EndPlayInEditor_Cue.uasset" 186
"../../../Engine/Content/EditorSounds/GamePreview/StartPlayInEditor.uasset" 187
"../../../Engine/Content/EditorSounds/GamePreview/StartPlayInEditor_Cue.uasset" 188
"../../../Engine/Content/EditorSounds/Notifications/CompileFailed.uasset" 189
"../../../Engine/Content/EditorSounds/Notifications/CompileFailed_Cue.uasset" 190
"../../../Engine/Content/EditorSounds/Notifications/CompileSuccess.uasset" 191
"../../../Engine/Content/EditorSounds/Notifications/CompileStart_Cue.uasset" 192
"../../../Engine/Content/EditorSounds/Notifications/CompileSuccess_Cue.uasset" 193
"../../../Engine/Content/EngineDamageTypes/DmgTypeBP_Environmental.uasset" 194
"../../../Engine/Content/EngineDebugMaterials/HeatmapGradient.uasset" 195
"../../../Engine/Content/EngineDebugMaterials/BoneWeightMaterial.uasset" 196
"../../../Engine/Content/EngineDebugMaterials/DebugMeshMaterial.uasset" 197
"../../../Engine/Content/EngineDebugMaterials/GeomMaterial.uasset" 198
"../../../Engine/Content/EngineDebugMaterials/LevelColorationLitMaterial.uasset" 199
"../../../Engine/Content/EngineDebugMaterials/LevelColorationUnlitMaterial.uasset" 200
"../../../Engine/Content/EngineMaterials/DefaultWhiteGrid.uasset" 201
"../../../Engine/Content/EngineDebugMaterials/MAT_LevelColorationLitLightmapUV.uasset" 202
"../../../Engine/Content/EngineDebugMaterials/M_SimpleTranslucent.uasset" 203
"../../../Engine/Content/EngineDebugMaterials/ShadedLevelColorationLitMaterial.uasset" 204
"../../../Engine/Content/EngineDebugMaterials/ShadedLevelColorationUnlitMateri.uasset" 205
"../../../Engine/Content/EngineDebugMaterials/VertexColorMaterial.uasset" 206
"../../../Engine/Content/EngineDebugMaterials/VertexColorViewMode_AlphaAsColor.uasset" 207
"../../../Engine/Content/EngineDebugMaterials/VertexColorViewMode_BlueOnly.uasset" 208
"../../../Engine/Content/EngineDebugMaterials/VertexColorViewMode_ColorOnly.uasset" 209
"../../../Engine/Content/EngineDebugMaterials/VertexColorViewMode_GreenOnly.uasset" 210
"../../../Engine/Content/EngineDebugMaterials/VertexColorViewMode_RedOnly.uasset" 211
"../../../Engine/Content/EngineDebugMaterials/WireframeMaterial.uasset" 212
"../../../Engine/Content/EngineFonts/Roboto.uasset" 213
"../../../Engine/Content/EngineFonts/RobotoTiny.uasset" 214
"../../../Engine/Content/EngineFonts/SmallFont.uasset" 215
"../../../Engine/Content/EngineFonts/TinyFont.uasset" 216
"../../../Engine/Content/EngineResources/WhiteSquareTexture.uasset" 217
"../../../Engine/Content/EngineMaterials/BlinkingCaret.uasset" 218
"../../../Engine/Content/EngineMaterials/DefaultBokeh.uasset" 219
"../../../Engine/Content/EngineMaterials/DefaultDiffuse.uasset" 220
"../../../Engine/Content/EngineMaterials/DefaultDeferredDecalMaterial.uasset" 221
"../../../Engine/Content/EngineMaterials/DefaultLightFunctionMaterial.uasset" 222
"../../../Engine/Content/EngineMaterials/DefaultNormal.uasset" 223
"../../../Engine/Content/EngineMaterials/DefaultPostProcessMaterial.uasset" 224
"../../../Engine/Content/EngineFonts/RobotoDistanceField.uasset" 225
"../../../Engine/Content/EngineMaterials/DefaultTextMaterialOpaque.uasset" 226
"../../../Engine/Content/EngineMaterials/EditorBrushMaterial.uasset" 227
"../../../Engine/Content/EngineMaterials/Good64x64TilingNoiseHighFreq.uasset" 228
"../../../Engine/Content/EngineMaterials/Grid_N.uasset" 229
"../../../Engine/Content/EngineMaterials/HighResolutionScreenshotMaskFunction.uasset" 230
"../../../Engine/Content/EngineMaterials/HighResScreenshot.uasset" 231
"../../../Engine/Content/EngineMaterials/HighResScreenshotCaptureRegion.uasset" 232
"../../../Engine/Content/EngineMaterials/HighResScreenshotMask.uasset" 233
"../../../Engine/Content/EngineMaterials/LandscapeHolePhysicalMaterial.uasset" 234
"../../../Engine/Content/EngineMaterials/InvalidLightmapSettings.uasset" 235
"../../../Engine/Content/EngineMaterials/M_InvalidLightmapSettings.uasset" 236
"../../../Engine/Content/EngineMaterials/PaperDiffuse.uasset" 237
"../../../Engine/Content/EngineMaterials/PaperNormal.uasset" 238
"../../../Engine/Content/EngineMaterials/PhAT_JointLimitMaterial.uasset" 239
"../../../Engine/Content/EngineMaterials/PhysMat_Rubber.uasset" 240
"../../../Engine/Content/EngineMaterials/PreintegratedSkinBRDF.uasset" 241
"../../../Engine/Content/EngineMaterials/RemoveSurfaceMaterial.uasset" 242
"../../../Engine/Content/EngineMaterials/WeightMapPlaceholderTexture.uasset" 243
"../../../Engine/Content/EngineMaterials/Widget3DPassThrough.uasset" 244
"../../../Engine/Content/EngineMaterials/Widget3DPassThrough_Masked.uasset" 245
"../../../Engine/Content/EngineMaterials/Widget3DPassThrough_Opaque.uasset" 246
"../../../Engine/Content/EngineMaterials/Widget3DPassThrough_Masked_OneSided.uasset" 247
"../../../Engine/Content/EngineMaterials/Widget3DPassThrough_Opaque_OneSided.uasset" 248
"../../../Engine/Content/EngineMaterials/Widget3DPassThrough_Translucent.uasset" 249
"../../../Engine/Content/EngineMaterials/Widget3DPassThrough_Translucent_OneSided.uasset" 250
"../../../Engine/Content/EngineMeshes/Cube.uasset" 251
"../../../Engine/Content/EngineMeshes/Cylinder.uasset" 252
"../../../Engine/Content/EngineMeshes/Sphere.uasset" 253
"../../../Engine/Content/EngineResources/AICON-Green.uasset" 254
"../../../Engine/Content/EngineResources/AICON-Red.uasset" 255
"../../../Engine/Content/EngineResources/Black.uasset" 256
"../../../Engine/Content/EngineResources/DefaultTexture.uasset" 257
"../../../Engine/Content/EngineResources/DefaultTextureCube.uasset" 258
"../../../Engine/Content/EngineResources/GradientTexture0.uasset" 259
"../../../Engine/Content/EngineResources/StreamingPauseIcon.uasset" 260
"../../../Engine/Content/EngineResources/M_StreamingPause.uasset" 261
"../../../Engine/Content/EngineSounds/Master.uasset" 262
"../../../Engine/Content/EngineSounds/MasterSubmix.uasset" 263
"../../../Engine/Content/EngineTireTypes/DefaultTireType.uasset" 264
"../../../Engine/Content/Functions/Engine_MaterialFunctions01/Shading/PowerToRoughness.uasset" 265
"../../../Engine/Content/Maps/Templates/Thumbnails/Default.uasset" 266
"../../../Engine/Content/Maps/Templates/Thumbnails/VR-Basic.uasset" 267
"../../../Engine/Content/MobileResources/T_MobileControls_texture.uasset" 268
"../../../Engine/Content/MobileResources/T_MobileMenu2.uasset" 269
"../../../Engine/Content/MobileResources/HUD/AnalogHat.uasset" 270
"../../../Engine/Content/MobileResources/HUD/VirtualJoystick_Background.uasset" 271
"../../../Engine/Content/MobileResources/HUD/VirtualJoystick_Thumb.uasset" 272
"../../../Engine/Content/MobileResources/HUD/DefaultVirtualJoysticks.uasset" 273
"../../../Engine/Content/MobileResources/HUD/LeftVirtualJoystickOnly.uasset" 274
"../../../Engine/Content/MobileResources/HUD/MobileHUDButton1_off.uasset" 275
"../../../Engine/Content/MobileResources/HUD/MobileHUDButton1_on.uasset" 276
"../../../Engine/Content/MobileResources/HUD/MobileHUDButton2_off.uasset" 277
"../../../Engine/Content/MobileResources/HUD/MobileHUDButton2_on.uasset" 278
"../../../Engine/Content/MobileResources/HUD/MobileHUDButton3.uasset" 279
"../../../Engine/Content/MobileResources/HUD/MobileHUDButtonFire.uasset" 280
"../../../Engine/Content/MobileResources/HUD/MobileHUDDirectionPad.uasset" 281
"../../../Engine/Content/MobileResources/HUD/MobileHUDDirectionPad2.uasset" 282
"../../../Engine/Content/MobileResources/HUD/MobileHUDDirectionPad3.uasset" 283
"../../../Engine/Content/MobileResources/HUD/MobileHUDDirectionStick.uasset" 284
"../../../Engine/Content/MobileResources/HUD/T_Castle_ThumbstickInner.uasset" 285
"../../../Engine/Content/MobileResources/HUD/T_Castle_ThumbstickOutter.uasset" 286
"../../../Engine/Content/Tutorial/ContentIntroCurve.uasset" 287
"../../../Engine/Content/Tutorial/Basics/TutorialAssets/icon_tab_Levels_40x.uasset" 288
"../../../Engine/Content/Tutorial/BlueprintTutorials/TutorialAssets/BlueprintInterface_64x.uasset" 289
"../../../Engine/Content/Tutorial/BlueprintTutorials/TutorialAssets/BlueprintMacroLibrary_64x.uasset" 290
"../../../Engine/Content/Tutorial/BlueprintTutorials/TutorialAssets/Blueprint_64x.uasset" 291
"../../../Engine/Content/Tutorial/BlueprintTutorials/TutorialAssets/Tutorial_BP_Interface.uasset" 292
"../../../Engine/Content/Tutorial/Foliage/TutorialAssets/Foliage.uasset" 293
"../../../Engine/Content/Tutorial/Landscape/TutorialAssets/Landscape.uasset" 294
"../../../Engine/Content/Tutorial/Paper2D/TutorialAssets/Paper2DFlipbook_TutorialIcon.uasset" 295
"../../../Engine/Content/Tutorial/Paper2D/TutorialAssets/Paper2DSprite_TutorialIcon.uasset" 296
"../../../Engine/Content/Tutorial/SubEditors/TutorialAssets/icon_Editor_Preferences_General_40x.uasset" 297
"../../../Engine/Content/Tutorial/SubEditors/TutorialAssets/icon_ShowSkeletalMeshes_40x.uasset" 298
"../../../Engine/Content/Tutorial/SubEditors/TutorialAssets/TutorialMaterial.uasset" 299
"../../../Engine/Content/Tutorial/SubEditors/TutorialAssets/T_SmokeSubUV_8X8.uasset" 300
"../../../Engine/Content/Tutorial/SubEditors/TutorialAssets/T_soft_smoke.uasset" 301
"../../../Engine/Content/Tutorial/SubEditors/TutorialAssets/M_smoke_subUV_blackbody.uasset" 302
"../../../Engine/Content/Tutorial/SubEditors/TutorialAssets/TutorialParticleSystem.uasset" 303
"../../../Engine/Content/EditorMeshes/EditorCube.uasset" 304
"../../../Engine/Content/Tutorial/SubEditors/TutorialAssets/Tutorial_DM.uasset" 305
"../../../Engine/Content/VREditor/Devices/Generic/GenericHMDMaterial.uasset" 306
"../../../Engine/Content/VREditor/Devices/Generic/GenericHMD.uasset" 307
"../../../Engine/Content/VREditor/FloatingText/LineMaterial.uasset" 308
"../../../Engine/Content/VREditor/FloatingText/JointSphere.uasset" 309
"../../../Engine/Content/VREditor/FloatingText/LineSegmentCylinder.uasset" 310
"../../../Engine/Content/VREditor/Fonts/VRText_RobotoLarge.uasset" 311
"../../../Engine/Content/VREditor/Fonts/VRTextMaterial.uasset" 312
"../../../Engine/Content/VREditor/Fonts/TranslucentVRTextMaterial.uasset" 313
"../../../Engine/Content/VREditor/LaserPointer/VR_LaserPower_01.uasset" 314
"../../../Engine/Content/VREditor/LaserPointer/LaserPointerMaterial.uasset" 315
"../../../Engine/Content/VREditor/LaserPointer/LaserPointerMaterialInst.uasset" 316
"../../../Engine/Content/VREditor/LaserPointer/TranslucentLaserPointerMaterialInst.uasset" 317
"../../../Engine/Content/VREditor/LaserPointer/LaserPointerMesh.uasset" 318
"../../../Engine/Content/VREditor/Sounds/VR_grab_Cue.uasset" 319
"../../../Engine/Content/VREditor/Sounds/VR_teleport_Cue.uasset" 320
"../../../Engine/Content/VREditor/TransformGizmo/TransformGizmoMaterial.uasset" 321
"../../../Engine/Content/VREditor/TransformGizmo/TranslucentTransformGizmoMaterial.uasset" 322
"../../../Engine/Content/VREditor/TransformGizmo/BoundingBoxCorner.uasset" 323
"../../../Engine/Content/VREditor/TransformGizmo/BoundingBoxEdge.uasset" 324
"../../../Engine/Content/VREditor/TransformGizmo/PlaneTranslationHandle.uasset" 325
"../../../Engine/Content/VREditor/TransformGizmo/RotationHandle.uasset" 326
"../../../Engine/Content/VREditor/TransformGizmo/RotationHandleFull.uasset" 327
"../../../Engine/Content/VREditor/TransformGizmo/StretchingHandle.uasset" 328
"../../../Engine/Content/VREditor/TransformGizmo/TranslateHandleLong.uasset" 329
"../../../Engine/Content/VREditor/TransformGizmo/TranslationHandle.uasset" 330
"../../../Engine/Content/VREditor/TransformGizmo/UniformScaleHandle.uasset" 331
"../../../Engine/Content/VREditor/Tutorial/UMG/Specialized/AnimsForHands.uasset" 332
"../../../Engine/Content/VREditor/UI/CloseButtonMesh.uasset" 333
"../../../Engine/Content/VREditor/UI/SelectionBarMesh.uasset" 334
"../../../Engine/Content/Functions/Engine_MaterialFunctions01/Gradient/RadialGradient.uasset" 335
"../../../Engine/Content/VREditor/WorldMovementGrid/SimpleGrid.uasset" 336
"../../../Engine/Content/VREditor/WorldMovementGrid/GridMaterial.uasset" 337
"../../../Engine/Content/Functions/Engine_MaterialFunctions01/Density/ExponentialDensity.uasset" 338
"../../../Engine/Content/VREditor/WorldMovementGrid/GridPostProcess.uasset" 339
"../../../Engine/Content/EditorLandscapeResources/FlattenHeightMat.uasset" 340
"../../../Engine/Content/VREditor/WorldMovementGrid/PlaneMesh.uasset" 341
"../../../ThirdPerson/Content/robotfullbody_Skeleton.uasset" 342
"../../../ThirdPerson/Content/jumpairrig.uasset" 343
"../../../ThirdPerson/Content/jumprig.uasset" 344
"../../../ThirdPerson/Content/jumptakeoffrig.uasset" 345
"../../../ThirdPerson/Content/StarterContent/Materials/M_Basic_Wall.uasset" 346
"../../../ThirdPerson/Content/StarterContent/Shapes/Shape_Sphere.uasset" 347
"../../../ThirdPerson/Content/ActorClassBP/Migrated_BP/Projectile_BP.uasset" 348
"../../../ThirdPerson/Content/Sound/PortalAttenuation.uasset" 349
"../../../ThirdPerson/Content/Sound/Portal.uasset" 350
"../../../ThirdPerson/Content/Sound/ProjectileAttenuation.uasset" 351
"../../../ThirdPerson/Content/Sound/ProjectileShot.uasset" 352
"../../../ThirdPerson/Content/ActorClassBP/Migrated_BP/Turret_BP.uasset" 353
"../../../ThirdPerson/Content/Blueprints/NewPlayerController.uasset" 354
"../../../ThirdPerson/Content/Geometry/Meshes/CubeMaterial.uasset" 355
"../../../ThirdPerson/Content/Geometry/Meshes/1M_Cube_Chamfer.uasset" 356
"../../../ThirdPerson/Content/Mannequin/Character/Mesh/UE4_Mannequin_Skeleton.uasset" 357
"../../../ThirdPerson/Content/Mannequin/Animations/ThirdPersonJump_End.uasset" 358
"../../../ThirdPerson/Content/Mannequin/Animations/climb.uasset" 359
"../../../ThirdPerson/Content/Migrate/lambert1.uasset" 360
"../../../ThirdPerson/Content/meshes/doggy_with_hinge.uasset" 361
"../../../ThirdPerson/Content/meshes/doggy_door.uasset" 362
"../../../ThirdPerson/Content/meshes/color3.uasset" 363
"../../../ThirdPerson/Content/meshes/color2.uasset" 364
"../../../ThirdPerson/Content/ThirdPersonBP/Blueprints/robotTORSO_Skeleton.uasset" 365
"../../../ThirdPerson/Content/Migrate/robothead_Anim.uasset" 366
"../../../ThirdPerson/Content/Migrate/robothead_PhysicsAsset.uasset" 367
"../../../ThirdPerson/Content/Migrate/robottorsov2_Anim.uasset" 368
"../../../ThirdPerson/Content/StarterContent/Architecture/Wall_Window_400x400.uasset" 369
"../../../ThirdPerson/Content/StarterContent/Architecture/Wall_Door_400x400.uasset" 370
"../../../ThirdPerson/Content/StarterContent/Architecture/Wall_500x500.uasset" 371
"../../../ThirdPerson/Content/StarterContent/Architecture/Wall_400x400.uasset" 372
"../../../ThirdPerson/Content/StarterContent/Architecture/Wall_400x300.uasset" 373
"../../../ThirdPerson/Content/StarterContent/Architecture/Pillar_50x500.uasset" 374
"../../../ThirdPerson/Content/StarterContent/Audio/Light02_Cue.uasset" 375
"../../../ThirdPerson/Content/StarterContent/Audio/Light01_Cue.uasset" 376
"../../../ThirdPerson/Content/StarterContent/Audio/Explosion_Cue.uasset" 377
"../../../ThirdPerson/Content/StarterContent/Textures/T_Burst_M.uasset" 378
"../../../ThirdPerson/Content/StarterContent/Particles/Materials/M_Burst.uasset" 379
"../../../ThirdPerson/Content/StarterContent/Textures/T_Explosion_SubUV.uasset" 380
"../../../ThirdPerson/Content/StarterContent/Particles/Materials/M_explosion_subUV.uasset" 381
"../../../ThirdPerson/Content/StarterContent/Particles/Materials/m_flare_01.uasset" 382
"../../../ThirdPerson/Content/StarterContent/Particles/Materials/M_radial_ramp.uasset" 383
"../../../ThirdPerson/Content/StarterContent/Textures/T_Smoke_SubUV.uasset" 384
"../../../ThirdPerson/Content/StarterContent/Textures/T_Smoke_Tiled_D.uasset" 385
"../../../ThirdPerson/Content/StarterContent/Particles/Materials/M_smoke_subUV.uasset" 386
"../../../ThirdPerson/Content/StarterContent/Particles/P_Explosion.uasset" 387
"../../../ThirdPerson/Content/StarterContent/Blueprints/Blueprint_Effect_Explosion.uasset" 388
"../../../Engine/Content/EditorMeshes/ColorCalibrator/T_ColorGrid.uasset" 389
"../../../ThirdPerson/Content/StarterContent/Materials/M_ColorGrid_LowSpec.uasset" 390
"../../../ThirdPerson/Content/StarterContent/Textures/T_Bush_D.uasset" 391
"../../../ThirdPerson/Content/StarterContent/Textures/T_Bush_N.uasset" 392
"../../../ThirdPerson/Content/StarterContent/Props/Materials/M_Bush.uasset" 393
"../../../ThirdPerson/Content/StarterContent/Props/SM_Bush.uasset" 394
"../../../ThirdPerson/Content/StarterContent/Textures/T_Chair_M.uasset" 395
"../../../ThirdPerson/Content/StarterContent/Textures/T_Chair_N.uasset" 396
"../../../ThirdPerson/Content/StarterContent/Props/Materials/M_Chair.uasset" 397
"../../../ThirdPerson/Content/StarterContent/Props/SM_Couch.uasset" 398
"../../../ThirdPerson/Content/StarterContent/Materials/M_Glass.uasset" 399
"../../../ThirdPerson/Content/StarterContent/Textures/T_Door_M.uasset" 400
"../../../ThirdPerson/Content/StarterContent/Textures/T_Door_N.uasset" 401
"../../../ThirdPerson/Content/StarterContent/Props/Materials/M_Door.uasset" 402
"../../../ThirdPerson/Content/StarterContent/Props/SM_Door.uasset" 403
"../../../ThirdPerson/Content/StarterContent/Props/Materials/M_MaterialSphere.uasset" 404
"../../../ThirdPerson/Content/StarterContent/Props/Materials/M_MaterialSphere_Plain.uasset" 405
"../../../ThirdPerson/Content/StarterContent/Props/SM_MatPreviewMesh_02.uasset" 406
"../../../Engine/Content/Functions/Engine_MaterialFunctions02/Utility/BlendAngleCorrectedNormals.uasset" 407
"../../../ThirdPerson/Content/StarterContent/Textures/T_Detail_Rocky_N.uasset" 408
"../../../ThirdPerson/Content/StarterContent/Textures/T_Rock_Basalt_D.uasset" 409
"../../../ThirdPerson/Content/StarterContent/Textures/T_RockMesh_M.uasset" 410
"../../../ThirdPerson/Content/StarterContent/Textures/T_RockMesh_N.uasset" 411
"../../../ThirdPerson/Content/StarterContent/Props/Materials/M_Rock.uasset" 412
"../../../ThirdPerson/Content/StarterContent/Props/SM_Rock.uasset" 413
"../../../ThirdPerson/Content/StarterContent/Textures/T_Shelf_M.uasset" 414
"../../../ThirdPerson/Content/StarterContent/Textures/T_Shelf_N.uasset" 415
"../../../ThirdPerson/Content/StarterContent/Props/Materials/M_Shelf.uasset" 416
"../../../ThirdPerson/Content/StarterContent/Props/SM_Shelf.uasset" 417
"../../../ThirdPerson/Content/StarterContent/Materials/M_Basic_Floor.uasset" 418
"../../../ThirdPerson/Content/StarterContent/Props/SM_Stairs.uasset" 419
"../../../ThirdPerson/Content/StarterContent/Shapes/Shape_Cone.uasset" 420
"../../../ThirdPerson/Content/StarterContent/Shapes/Shape_Cylinder.uasset" 421
"../../../ThirdPerson/Content/StarterContent/Shapes/Shape_NarrowCapsule.uasset" 422
"../../../ThirdPerson/Content/StarterContent/Shapes/Shape_Pipe.uasset" 423
"../../../ThirdPerson/Content/StarterContent/Shapes/Shape_Pipe_180.uasset" 424
"../../../ThirdPerson/Content/StarterContent/Shapes/Shape_Pipe_90.uasset" 425
"../../../ThirdPerson/Content/StarterContent/Shapes/Shape_Plane.uasset" 426
"../../../ThirdPerson/Content/StarterContent/Shapes/Shape_Torus.uasset" 427
"../../../ThirdPerson/Content/StarterContent/Shapes/Shape_Trim.uasset" 428
"../../../ThirdPerson/Content/StarterContent/Shapes/Shape_Trim_90_In.uasset" 429
"../../../ThirdPerson/Content/StarterContent/Shapes/Shape_Trim_90_Out.uasset" 430
"../../../ThirdPerson/Content/StarterContent/Shapes/Shape_TriPyramid.uasset" 431
"../../../ThirdPerson/Content/StarterContent/Shapes/Shape_Tube.uasset" 432
"../../../ThirdPerson/Content/StarterContent/Shapes/Shape_Wedge_A.uasset" 433
"../../../ThirdPerson/Content/StarterContent/Shapes/Shape_Wedge_B.uasset" 434
"../../../ThirdPerson/Content/ThirdPersonBP/Blueprints/robotfullbody_Skeleton.uasset" 435
"../../../ThirdPerson/Content/ThirdPersonBP/Blueprints/robothead_Anim.uasset" 436
"../../../ThirdPerson/Content/ThirdPersonBP/Blueprints/robotTORSO_PhysicsAsset.uasset" 437
"../../../ThirdPerson/Content/UI/GameIcon.uasset" 438
"../../../ThirdPerson/Content/UI/GameIconUnedited.uasset" 439
"../../../Engine/Plugins/2D/Paper2D/Content/DummySprite.uasset" 440
"../../../Engine/Plugins/2D/Paper2D/Content/DefaultPaperTerrainMaterial.uasset" 441
"../../../Engine/Plugins/2D/Paper2D/Content/DefaultSpriteMaterial.uasset" 442
"../../../Engine/Plugins/2D/Paper2D/Content/MaskedUnlitSpriteMaterial.uasset" 443
"../../../Engine/Plugins/2D/Paper2D/Content/OpaqueUnlitSpriteMaterial.uasset" 444
"../../../Engine/Plugins/2D/Paper2D/Content/PlaceholderTextures/DummySpriteTexture.uasset" 445
"../../../Engine/Content/BasicShapes/BasicShapeMaterial.uasset" 446
"../../../Engine/Content/BasicShapes/Cube.uasset" 447
"../../../Engine/Content/BasicShapes/Cylinder.uasset" 448
"../../../ThirdPerson/Content/Blueprints/Doors.uasset" 449
"../../../ThirdPerson/Content/Blueprints/Doors2.uasset" 450
"../../../ThirdPerson/Content/meshes/Tele.uasset" 451
"../../../ThirdPerson/Content/Blueprints/teleporters.uasset" 452
"../../../ThirdPerson/Content/Mannequin/Animations/ThirdPerson_Jump.uasset" 453
"../../../ThirdPerson/Content/Mannequin/Animations/ThirdPersonJump_Loop.uasset" 454
"../../../ThirdPerson/Content/Mannequin/Animations/ThirdPersonJump_Start.uasset" 455
"../../../ThirdPerson/Content/Mannequin/Animations/ThirdPersonIdle.uasset" 456
"../../../ThirdPerson/Content/Mannequin/Animations/ThirdPersonRun.uasset" 457
"../../../ThirdPerson/Content/Mannequin/Animations/ThirdPersonWalk.uasset" 458
"../../../ThirdPerson/Content/Mannequin/Animations/ThirdPerson_IdleRun_2D.uasset" 459
"../../../ThirdPerson/Content/Mannequin/Animations/ThirdPerson_AnimBP.uasset" 460
"../../../ThirdPerson/Content/jump2rig.uasset" 461
"../../../ThirdPerson/Content/jumplandingrig.uasset" 462
"../../../ThirdPerson/Content/idlerig.uasset" 463
"../../../ThirdPerson/Content/runningrig.uasset" 464
"../../../ThirdPerson/Content/walkingrig.uasset" 465
"../../../ThirdPerson/Content/NewBlendSpace1D.uasset" 466
"../../../ThirdPerson/Content/NewAnimBlueprint.uasset" 467
"../../../ThirdPerson/Content/climbing.uasset" 468
"../../../ThirdPerson/Content/sprintrig.uasset" 469
"../../../ThirdPerson/Content/ThirdPersonBP/Blueprints/pCylinder34.uasset" 470
"../../../ThirdPerson/Content/ThirdPersonBP/Blueprints/robotLEFTLEG_PhysicsAsset.uasset" 471
"../../../ThirdPerson/Content/ThirdPersonBP/Blueprints/robotLEFTLEG_Skeleton.uasset" 472
"../../../ThirdPerson/Content/ThirdPersonBP/Blueprints/robotLEFTLEG.uasset" 473
"../../../ThirdPerson/Content/ThirdPersonBP/Blueprints/Boomerang.uasset" 474
"../../../ThirdPerson/Content/Migrate/MathFunctions/MathOperations.uasset" 475
"../../../ThirdPerson/Content/ThirdPersonBP/Blueprints/robothead_PhysicsAsset.uasset" 476
"../../../ThirdPerson/Content/ThirdPersonBP/Blueprints/robothead.uasset" 477
"../../../ThirdPerson/Content/ThirdPersonBP/Blueprints/Pawn_Head.uasset" 478
"../../../ThirdPerson/Content/ThirdPersonBP/Blueprints/Pawn_Leg.uasset" 479
"../../../ThirdPerson/Content/ThirdPersonBP/Blueprints/robotLEFTARM_PhysicsAsset.uasset" 480
"../../../ThirdPerson/Content/ThirdPersonBP/Blueprints/robotLEFTARM_Skeleton.uasset" 481
"../../../ThirdPerson/Content/ThirdPersonBP/Blueprints/robotLEFTARM.uasset" 482
"../../../ThirdPerson/Content/ThirdPersonBP/Blueprints/robotRIGHTARM_PhysicsAsset.uasset" 483
"../../../ThirdPerson/Content/ThirdPersonBP/Blueprints/robotRIGHTARM_Skeleton.uasset" 484
"../../../ThirdPerson/Content/ThirdPersonBP/Blueprints/robotRIGHTARM.uasset" 485
"../../../ThirdPerson/Content/ThirdPersonBP/Blueprints/robotRIGHTLEG_PhysicsAsset.uasset" 486
"../../../ThirdPerson/Content/ThirdPersonBP/Blueprints/robotRIGHTLEG_Skeleton.uasset" 487
"../../../ThirdPerson/Content/ThirdPersonBP/Blueprints/robotRIGHTLEG.uasset" 488
"../../../ThirdPerson/Content/Migrate/lambert2.uasset" 489
"../../../ThirdPerson/Content/Migrate/robottorsov2_PhysicsAsset.uasset" 490
"../../../ThirdPerson/Content/ThirdPersonBP/Blueprints/robottorsov2.uasset" 491
"../../../ThirdPerson/Content/UI/HUD/Charge.uasset" 492
"../../../ThirdPerson/Content/UI/HUD/HUD.uasset" 493
"../../../ThirdPerson/Content/ThirdPersonBP/Blueprints/ThirdPersonCharacter1.uasset" 494
"../../../ThirdPerson/Content/ThirdPersonBP/Blueprints/Pawn_Arm.uasset" 495
"../../../ThirdPerson/Content/robotfullbody_PhysicsAsset.uasset" 496
"../../../ThirdPerson/Content/robotfullbody.uasset" 497
"../../../ThirdPerson/Content/ThirdPersonBP/Blueprints/ThirdPersonCharacter.uasset" 498
"../../../Engine/Content/EngineSky/C_Sky_Cloud_Color.uasset" 499
"../../../Engine/Content/EngineSky/C_Sky_Horizon_Color.uasset" 500
"../../../Engine/Content/EngineSky/C_Sky_Zenith_Color.uasset" 501
"../../../Engine/Content/EngineSky/T_Sky_Blue.uasset" 502
"../../../Engine/Content/EngineSky/T_Sky_Clouds_M.uasset" 503
"../../../Engine/Content/EngineSky/T_Sky_Stars.uasset" 504
"../../../Engine/Content/EngineSky/M_Sky_Panning_Clouds2.uasset" 505
"../../../Engine/Content/EngineSky/SM_SkySphere.uasset" 506
"../../../Engine/Content/EngineSky/BP_Sky_Sphere.uasset" 507
"../../../ThirdPerson/Content/ActorClassBP/Migrated_BP/DamageField_BP.uasset" 508
"../../../ThirdPerson/Content/meshes/MoveablePlatform.uasset" 509
"../../../ThirdPerson/Content/meshes/lambert1.uasset" 510
"../../../ThirdPerson/Content/meshes/Target.uasset" 511
"../../../ThirdPerson/Content/meshes/MoveableTarget.uasset" 512
"../../../ThirdPerson/Content/ThirdPersonBP/ThirdPersonGameMode.uasset" 513
"../../../ThirdPerson/Content/Maps/PlayerZoo_BuiltData.uasset" 514
"../../../ThirdPerson/Content/meshes/color.uasset" 515
"../../../ThirdPerson/Content/meshes/lambert2.uasset" 516
"../../../ThirdPerson/Content/meshes/5cmbox.uasset" 517
"../../../ThirdPerson/Content/meshes/Box_Brush77_StaticMesh.uasset" 518
"../../../ThirdPerson/Content/meshes/Linear_Stair_Brush_StaticMesh.uasset" 519
"../../../ThirdPerson/Content/meshes/robotheight25.uasset" 520
"../../../ThirdPerson/Content/Maps/PlayerZoo.umap" 521
"../../../ThirdPerson/Content/StarterContent/Blueprints/Assets/FogBrightnessLUT.uasset" 522
"../../../ThirdPerson/Content/StarterContent/Blueprints/Assets/SunlightColorLUT.uasset" 523
"../../../ThirdPerson/Content/StarterContent/Blueprints/Assets/M_LightStage_Arrows.uasset" 524
"../../../Engine/Content/MapTemplates/Sky/DaylightAmbientCubemap.uasset" 525
"../../../ThirdPerson/Content/StarterContent/Blueprints/Assets/M_LightStage_Skybox_Master.uasset" 526
"../../../ThirdPerson/Content/StarterContent/Blueprints/Assets/M_LightStage_Skybox_Black.uasset" 527
"../../../ThirdPerson/Content/StarterContent/Blueprints/Assets/M_LightStage_Skybox_HDRI.uasset" 528
"../../../ThirdPerson/Content/StarterContent/Blueprints/Assets/Skybox.uasset" 529
"../../../ThirdPerson/Content/StarterContent/Blueprints/Assets/SM_Arrows.uasset" 530
"../../../ThirdPerson/Content/StarterContent/HDRI/HDRI_Epic_Courtyard_Daylight.uasset" 531
"../../../ThirdPerson/Content/StarterContent/Blueprints/BP_LightStudio.uasset" 532
"../../../ThirdPerson/Content/StarterContent/Materials/M_AssetPlatform.uasset" 533
"../../../Engine/Content/EditorMeshes/ColorCalibrator/M_ChromeBall.uasset" 534
"../../../Engine/Content/EditorMeshes/ColorCalibrator/M_ClearCoat.uasset" 535
"../../../Engine/Content/EditorMeshes/ColorCalibrator/M_ClearCoatBlack.uasset" 536
"../../../Engine/Content/EditorMeshes/ColorCalibrator/M_ColorGrid.uasset" 537
"../../../Engine/Content/EditorMeshes/ColorCalibrator/M_GreyBall.uasset" 538
"../../../Engine/Content/EditorMeshes/ColorCalibrator/SM_ColorCalibrator.uasset" 539
"../../../ThirdPerson/Content/StarterContent/Architecture/SM_AssetPlatform.uasset" 540
"../../../ThirdPerson/Content/StarterContent/Maps/Advanced_Lighting.umap" 541
"../../../ThirdPerson/Content/StarterContent/Textures/T_MacroVariation.uasset" 542
"../../../ThirdPerson/Content/StarterContent/Materials/M_Metal_Brushed_Nickel.uasset" 543
"../../../ThirdPerson/Content/StarterContent/Textures/T_Metal_Aluminum_D.uasset" 544
"../../../ThirdPerson/Content/StarterContent/Textures/T_Metal_Gold_N.uasset" 545
"../../../ThirdPerson/Content/StarterContent/Materials/M_Metal_Burnished_Steel.uasset" 546
"../../../ThirdPerson/Content/StarterContent/Textures/T_Metal_Copper_D.uasset" 547
"../../../ThirdPerson/Content/StarterContent/Materials/M_Metal_Copper.uasset" 548
"../../../ThirdPerson/Content/StarterContent/Textures/T_Statue_M.uasset" 549
"../../../ThirdPerson/Content/StarterContent/Textures/T_Statue_N.uasset" 550
"../../../ThirdPerson/Content/StarterContent/Props/Materials/M_StatueGlass.uasset" 551
"../../../ThirdPerson/Content/StarterContent/Architecture/Floor_400x400.uasset" 552
"../../../ThirdPerson/Content/StarterContent/Audio/Starter_Background_Cue.uasset" 553
"../../../ThirdPerson/Content/StarterContent/Props/SM_Chair.uasset" 554
"../../../ThirdPerson/Content/StarterContent/Props/Materials/M_Statue.uasset" 555
"../../../ThirdPerson/Content/StarterContent/Props/SM_Statue.uasset" 556
"../../../ThirdPerson/Content/StarterContent/Textures/T_TableRound_M.uasset" 557
"../../../ThirdPerson/Content/StarterContent/Textures/T_TableRound_N.uasset" 558
"../../../ThirdPerson/Content/StarterContent/Props/Materials/M_TableRound.uasset" 559
"../../../ThirdPerson/Content/StarterContent/Props/SM_TableRound.uasset" 560
"../../../ThirdPerson/Content/StarterContent/Maps/Minimal_Default.umap" 561
"../../../Engine/Content/BasicShapes/Sphere.uasset" 562
"../../../ThirdPerson/Content/StarterContent/Maps/Shit.umap" 563
"../../../ThirdPerson/Content/StarterContent/Audio/Fire01_Cue.uasset" 564
"../../../ThirdPerson/Content/StarterContent/Textures/T_Fire_SubUV.uasset" 565
"../../../ThirdPerson/Content/StarterContent/Textures/T_Fire_Tiled_D.uasset" 566
"../../../ThirdPerson/Content/StarterContent/Particles/Materials/M_Fire_SubUV.uasset" 567
"../../../ThirdPerson/Content/StarterContent/Textures/T_Water_N.uasset" 568
"../../../ThirdPerson/Content/StarterContent/Particles/Materials/M_Heat_Distortion.uasset" 569
"../../../ThirdPerson/Content/StarterContent/Particles/Materials/M_Radial_Gradient.uasset" 570
"../../../ThirdPerson/Content/StarterContent/Particles/P_Fire.uasset" 571
"../../../ThirdPerson/Content/StarterContent/Blueprints/Blueprint_Effect_Fire.uasset" 572
"../../../ThirdPerson/Content/StarterContent/Audio/Smoke01_Cue.uasset" 573
"../../../ThirdPerson/Content/StarterContent/Particles/P_Smoke.uasset" 574
"../../../ThirdPerson/Content/StarterContent/Blueprints/Blueprint_Effect_Smoke.uasset" 575
"../../../ThirdPerson/Content/StarterContent/Audio/Fire_Sparks01_Cue.uasset" 576
"../../../ThirdPerson/Content/StarterContent/Textures/T_Spark_Core.uasset" 577
"../../../ThirdPerson/Content/StarterContent/Particles/Materials/M_Spark.uasset" 578
"../../../ThirdPerson/Content/StarterContent/Particles/P_Sparks.uasset" 579
"../../../ThirdPerson/Content/StarterContent/Blueprints/Blueprint_Effect_Sparks.uasset" 580
"../../../ThirdPerson/Content/StarterContent/Audio/Steam01_Cue.uasset" 581
"../../../ThirdPerson/Content/StarterContent/Particles/P_Steam_Lit.uasset" 582
"../../../ThirdPerson/Content/StarterContent/Blueprints/Blueprint_Effect_Steam.uasset" 583
"../../../ThirdPerson/Content/StarterContent/Textures/T_Lamp_M.uasset" 584
"../../../ThirdPerson/Content/StarterContent/Textures/T_Lamp_N.uasset" 585
"../../../ThirdPerson/Content/StarterContent/Props/Materials/M_Lamp.uasset" 586
"../../../ThirdPerson/Content/StarterContent/Props/SM_Lamp_Ceiling.uasset" 587
"../../../ThirdPerson/Content/StarterContent/Blueprints/Blueprint_CeilingLight.uasset" 588
"../../../ThirdPerson/Content/StarterContent/Props/SM_Lamp_Wall.uasset" 589
"../../../ThirdPerson/Content/StarterContent/Blueprints/Blueprint_WallSconce.uasset" 590
"../../../Engine/Content/EngineMaterials/AntiAliasedTextMaterialTranslucent.uasset" 591
"../../../ThirdPerson/Content/StarterContent/Textures/T_Brick_Clay_Beveled_D.uasset" 592
"../../../ThirdPerson/Content/StarterContent/Textures/T_Brick_Clay_Beveled_M.uasset" 593
"../../../ThirdPerson/Content/StarterContent/Textures/T_Brick_Clay_Beveled_N.uasset" 594
"../../../ThirdPerson/Content/StarterContent/Materials/M_Brick_Clay_Beveled.uasset" 595
"../../../ThirdPerson/Content/StarterContent/Textures/T_Brick_Clay_New_D.uasset" 596
"../../../ThirdPerson/Content/StarterContent/Textures/T_Brick_Clay_New_M.uasset" 597
"../../../ThirdPerson/Content/StarterContent/Textures/T_Brick_Clay_New_N.uasset" 598
"../../../ThirdPerson/Content/StarterContent/Materials/M_Brick_Clay_New.uasset" 599
"../../../ThirdPerson/Content/StarterContent/Textures/T_Brick_Clay_Old_D.uasset" 600
"../../../ThirdPerson/Content/StarterContent/Textures/T_Brick_Clay_Old_N.uasset" 601
"../../../ThirdPerson/Content/StarterContent/Textures/T_Perlin_Noise_M.uasset" 602
"../../../ThirdPerson/Content/StarterContent/Materials/M_Brick_Clay_Old.uasset" 603
"../../../ThirdPerson/Content/StarterContent/Textures/T_Brick_Cut_Stone_D.uasset" 604
"../../../ThirdPerson/Content/StarterContent/Textures/T_Brick_Cut_Stone_N.uasset" 605
"../../../ThirdPerson/Content/StarterContent/Materials/M_Brick_Cut_Stone.uasset" 606
"../../../ThirdPerson/Content/StarterContent/Textures/T_Brick_Hewn_Stone_D.uasset" 607
"../../../ThirdPerson/Content/StarterContent/Textures/T_Brick_Hewn_Stone_M.uasset" 608
"../../../ThirdPerson/Content/StarterContent/Textures/T_Brick_Hewn_Stone_N.uasset" 609
"../../../ThirdPerson/Content/StarterContent/Materials/M_Brick_Hewn_Stone.uasset" 610
"../../../ThirdPerson/Content/StarterContent/Textures/T_Ceramic_Tile_M.uasset" 611
"../../../ThirdPerson/Content/StarterContent/Textures/T_Ceramic_Tile_N.uasset" 612
"../../../ThirdPerson/Content/StarterContent/Textures/T_Rock_Marble_Polished_D.uasset" 613
"../../../ThirdPerson/Content/StarterContent/Materials/M_Ceramic_Tile_Checker.uasset" 614
"../../../ThirdPerson/Content/StarterContent/Textures/T_CobbleStone_Pebble_D.uasset" 615
"../../../ThirdPerson/Content/StarterContent/Textures/T_CobbleStone_Pebble_M.uasset" 616
"../../../ThirdPerson/Content/StarterContent/Textures/T_CobbleStone_Pebble_N.uasset" 617
"../../../ThirdPerson/Content/StarterContent/Materials/M_CobbleStone_Pebble.uasset" 618
"../../../ThirdPerson/Content/StarterContent/Textures/T_CobbleStone_Rough_D.uasset" 619
"../../../ThirdPerson/Content/StarterContent/Textures/T_CobbleStone_Rough_N.uasset" 620
"../../../ThirdPerson/Content/StarterContent/Textures/T_Gradinet_01.uasset" 621
"../../../ThirdPerson/Content/StarterContent/Textures/T_Rock_Smooth_Granite_D.uasset" 622
"../../../ThirdPerson/Content/StarterContent/Materials/M_CobbleStone_Rough.uasset" 623
"../../../ThirdPerson/Content/StarterContent/Textures/T_CobbleStone_Smooth_D.uasset" 624
"../../../ThirdPerson/Content/StarterContent/Textures/T_CobbleStone_Smooth_M.uasset" 625
"../../../ThirdPerson/Content/StarterContent/Textures/T_CobbleStone_Smooth_N.uasset" 626
"../../../ThirdPerson/Content/StarterContent/Materials/M_CobbleStone_Smooth.uasset" 627
"../../../ThirdPerson/Content/StarterContent/Textures/T_Concrete_Grime_D.uasset" 628
"../../../ThirdPerson/Content/StarterContent/Textures/T_Metal_Rust_N.uasset" 629
"../../../ThirdPerson/Content/StarterContent/Materials/M_Concrete_Grime.uasset" 630
"../../../ThirdPerson/Content/StarterContent/Textures/T_Concrete_Panels_D.uasset" 631
"../../../ThirdPerson/Content/StarterContent/Textures/T_Concrete_Panels_N.uasset" 632
"../../../ThirdPerson/Content/StarterContent/Materials/M_Concrete_Panels.uasset" 633
"../../../ThirdPerson/Content/StarterContent/Textures/T_Concrete_Poured_D.uasset" 634
"../../../ThirdPerson/Content/StarterContent/Textures/T_Concrete_Poured_N.uasset" 635
"../../../ThirdPerson/Content/StarterContent/Materials/M_Concrete_Poured.uasset" 636
"../../../ThirdPerson/Content/StarterContent/Textures/T_Concrete_Tiles_D.uasset" 637
"../../../ThirdPerson/Content/StarterContent/Textures/T_Concrete_Tiles_M.uasset" 638
"../../../ThirdPerson/Content/StarterContent/Textures/T_Concrete_Tiles_N.uasset" 639
"../../../ThirdPerson/Content/StarterContent/Textures/T_Concrete_Tiles_Variation_M.uasset" 640
"../../../ThirdPerson/Content/StarterContent/Materials/M_Concrete_Tiles.uasset" 641
"../../../ThirdPerson/Content/StarterContent/Textures/T_Ground_Grass_D.uasset" 642
"../../../ThirdPerson/Content/StarterContent/Textures/T_Ground_Grass_N.uasset" 643
"../../../ThirdPerson/Content/StarterContent/Materials/M_Ground_Grass.uasset" 644
"../../../ThirdPerson/Content/StarterContent/Textures/T_Ground_Gravel_D.uasset" 645
"../../../ThirdPerson/Content/StarterContent/Textures/T_Ground_Gravel_N.uasset" 646
"../../../ThirdPerson/Content/StarterContent/Materials/M_Ground_Gravel.uasset" 647
"../../../ThirdPerson/Content/StarterContent/Textures/T_ground_Moss_D.uasset" 648
"../../../ThirdPerson/Content/StarterContent/Textures/T_Ground_Moss_N.uasset" 649
"../../../ThirdPerson/Content/StarterContent/Materials/M_Ground_Moss.uasset" 650
"../../../ThirdPerson/Content/StarterContent/Materials/M_Metal_Chrome.uasset" 651
"../../../ThirdPerson/Content/StarterContent/Textures/T_Metal_Gold_D.uasset" 652
"../../../ThirdPerson/Content/StarterContent/Materials/M_Metal_Gold.uasset" 653
"../../../ThirdPerson/Content/StarterContent/Textures/T_Metal_Rust_D.uasset" 654
"../../../ThirdPerson/Content/StarterContent/Materials/M_Metal_Rust.uasset" 655
"../../../ThirdPerson/Content/StarterContent/Textures/T_Metal_Steel_D.uasset" 656
"../../../ThirdPerson/Content/StarterContent/Textures/T_Metal_Steel_N.uasset" 657
"../../../ThirdPerson/Content/StarterContent/Materials/M_Metal_Steel.uasset" 658
"../../../ThirdPerson/Content/StarterContent/Textures/T_Rock_Basalt_N.uasset" 659
"../../../ThirdPerson/Content/StarterContent/Materials/M_Rock_Basalt.uasset" 660
"../../../ThirdPerson/Content/StarterContent/Materials/M_Rock_Marble_Polished.uasset" 661
"../../../ThirdPerson/Content/StarterContent/Textures/T_Rock_Sandstone_D.uasset" 662
"../../../ThirdPerson/Content/StarterContent/Textures/T_Rock_Sandstone_N.uasset" 663
"../../../ThirdPerson/Content/StarterContent/Materials/M_Rock_Sandstone.uasset" 664
"../../../ThirdPerson/Content/StarterContent/Textures/T_Rock_Slate_D.uasset" 665
"../../../ThirdPerson/Content/StarterContent/Textures/T_Rock_Slate_N.uasset" 666
"../../../ThirdPerson/Content/StarterContent/Materials/M_Rock_Slate.uasset" 667
"../../../ThirdPerson/Content/StarterContent/Textures/T_Checker_Noise_M.uasset" 668
"../../../ThirdPerson/Content/StarterContent/Textures/T_Single_Tile_N.uasset" 669
"../../../ThirdPerson/Content/StarterContent/Textures/T_Tech_Dot_M.uasset" 670
"../../../ThirdPerson/Content/StarterContent/Textures/T_Tech_Dot_N.uasset" 671
"../../../ThirdPerson/Content/StarterContent/Materials/M_Tech_Checker_Dot.uasset" 672
"../../../ThirdPerson/Content/StarterContent/Textures/T_Tech_Hex_Tile_M.uasset" 673
"../../../ThirdPerson/Content/StarterContent/Textures/T_Tech_Hex_Tile_N.uasset" 674
"../../../ThirdPerson/Content/StarterContent/Materials/M_Tech_Hex_Tile.uasset" 675
"../../../ThirdPerson/Content/StarterContent/Materials/M_Tech_Hex_Tile_Pulse.uasset" 676
"../../../ThirdPerson/Content/StarterContent/Textures/T_Tech_Panel_M.uasset" 677
"../../../ThirdPerson/Content/StarterContent/Textures/T_Tech_Panel_N.uasset" 678
"../../../ThirdPerson/Content/StarterContent/Materials/M_Tech_Panel.uasset" 679
"../../../ThirdPerson/Content/StarterContent/Materials/M_Water_Lake.uasset" 680
"../../../ThirdPerson/Content/StarterContent/Textures/T_Water_M.uasset" 681
"../../../ThirdPerson/Content/StarterContent/Materials/M_Water_Ocean.uasset" 682
"../../../ThirdPerson/Content/StarterContent/Textures/T_Wood_Floor_Walnut_D.uasset" 683
"../../../ThirdPerson/Content/StarterContent/Textures/T_Wood_Floor_Walnut_M.uasset" 684
"../../../ThirdPerson/Content/StarterContent/Textures/T_Wood_Floor_Walnut_N.uasset" 685
"../../../ThirdPerson/Content/StarterContent/Materials/M_Wood_Floor_Walnut_Polished.uasset" 686
"../../../Engine/Content/Functions/Engine_MaterialFunctions01/Opacity/AlphaOffset.uasset" 687
"../../../ThirdPerson/Content/StarterContent/Materials/M_Wood_Floor_Walnut_Worn.uasset" 688
"../../../ThirdPerson/Content/StarterContent/Textures/T_Wood_Oak_D.uasset" 689
"../../../ThirdPerson/Content/StarterContent/Textures/T_Wood_Oak_N.uasset" 690
"../../../ThirdPerson/Content/StarterContent/Materials/M_Wood_Oak.uasset" 691
"../../../ThirdPerson/Content/StarterContent/Textures/T_Wood_Pine_D.uasset" 692
"../../../ThirdPerson/Content/StarterContent/Textures/T_Wood_Pine_N.uasset" 693
"../../../ThirdPerson/Content/StarterContent/Materials/M_Wood_Pine.uasset" 694
"../../../ThirdPerson/Content/StarterContent/Textures/T_Wood_Walnut_D.uasset" 695
"../../../ThirdPerson/Content/StarterContent/Textures/T_Wood_Walnut_N.uasset" 696
"../../../ThirdPerson/Content/StarterContent/Materials/M_Wood_Walnut.uasset" 697
"../../../ThirdPerson/Content/StarterContent/Architecture/Wall_400x200.uasset" 698
"../../../ThirdPerson/Content/StarterContent/Architecture/Wall_Door_400x300.uasset" 699
"../../../ThirdPerson/Content/StarterContent/Architecture/Wall_Window_400x300.uasset" 700
"../../../ThirdPerson/Content/StarterContent/Audio/Collapse_Cue.uasset" 701
"../../../ThirdPerson/Content/StarterContent/Audio/Starter_Music_Cue.uasset" 702
"../../../ThirdPerson/Content/StarterContent/Textures/T_Dust_Particle_D.uasset" 703
"../../../ThirdPerson/Content/StarterContent/Particles/Materials/M_Dust_Particle.uasset" 704
"../../../ThirdPerson/Content/StarterContent/Particles/P_Ambient_Dust.uasset" 705
"../../../ThirdPerson/Content/StarterContent/Props/MaterialSphere.uasset" 706
"../../../ThirdPerson/Content/StarterContent/Textures/T_Frame_M.uasset" 707
"../../../ThirdPerson/Content/StarterContent/Textures/T_Frame_N.uasset" 708
"../../../ThirdPerson/Content/StarterContent/Props/Materials/M_Frame.uasset" 709
"../../../ThirdPerson/Content/StarterContent/Props/SM_CornerFrame.uasset" 710
"../../../ThirdPerson/Content/StarterContent/Props/SM_DoorFrame.uasset" 711
"../../../ThirdPerson/Content/StarterContent/Props/SM_GlassWindow.uasset" 712
"../../../ThirdPerson/Content/StarterContent/Props/SM_PillarFrame.uasset" 713
"../../../ThirdPerson/Content/StarterContent/Props/SM_PillarFrame300.uasset" 714
"../../../ThirdPerson/Content/StarterContent/Props/SM_WindowFrame.uasset" 715
"../../../ThirdPerson/Content/StarterContent/Shapes/Shape_Cube.uasset" 716
"../../../ThirdPerson/Content/StarterContent/Shapes/Shape_QuadPyramid.uasset" 717
"../../../ThirdPerson/Content/StarterContent/Maps/StarterMap.umap" 718
"../../../ThirdPerson/Content/StarterContent/Shapes/Shape_WideCapsule.uasset" 719
"../../../ThirdPerson/Content/ActorClassBP/Migrated_BP/Checkpoint_BP2.uasset" 720
"../../../ThirdPerson/Content/ThirdPersonBP/Blueprints/ThirdPersonGameMode.uasset" 721
"../../../ThirdPerson/Content/ThirdPersonBP/Maps/ThirdPersonExampleMap_BuiltData.uasset" 722
"../../../ThirdPerson/Content/Geometry/Meshes/1M_Cube.uasset" 723
"../../../ThirdPerson/Content/Geometry/Meshes/TemplateFloor.uasset" 724
"../../../Engine/Content/Functions/MaterialLayerFunctions/MatLayerBlend_NormalBlend.uasset" 725
"../../../Engine/Content/Functions/MaterialLayerFunctions/MatLayerBlend_Simple.uasset" 726
"../../../ThirdPerson/Content/Mannequin/Character/Materials/MaterialLayers/T_ML_Rubber_Blue_01_D.uasset" 727
"../../../ThirdPerson/Content/Mannequin/Character/Materials/MaterialLayers/T_ML_Rubber_Blue_01_N.uasset" 728
"../../../ThirdPerson/Content/Mannequin/Character/Materials/MaterialLayers/ML_GlossyBlack_Latex_UE4.uasset" 729
"../../../ThirdPerson/Content/Mannequin/Character/Materials/MaterialLayers/ML_Plastic_Shiny_Beige.uasset" 730
"../../../ThirdPerson/Content/Mannequin/Character/Textures/UE4_LOGO_CARD.uasset" 731
"../../../ThirdPerson/Content/Mannequin/Character/Materials/MaterialLayers/ML_Plastic_Shiny_Beige_LOGO.uasset" 732
"../../../ThirdPerson/Content/Mannequin/Character/Materials/MaterialLayers/T_ML_Aluminum01.uasset" 733
"../../../ThirdPerson/Content/Mannequin/Character/Materials/MaterialLayers/T_ML_Aluminum01_N.uasset" 734
"../../../ThirdPerson/Content/Mannequin/Character/Materials/MaterialLayers/ML_SoftMetal_UE4.uasset" 735
"../../../ThirdPerson/Content/Mannequin/Character/Textures/UE4_Mannequin__normals.uasset" 736
"../../../ThirdPerson/Content/Mannequin/Character/Textures/UE4_Mannequin_MAT_MASKA.uasset" 737
"../../../ThirdPerson/Content/Mannequin/Character/Materials/M_UE4Man_Body.uasset" 738
"../../../ThirdPerson/Content/Mannequin/Character/Textures/UE4Man_Logo_N.uasset" 739
"../../../ThirdPerson/Content/Mannequin/Character/Materials/M_UE4Man_ChestLogo.uasset" 740
"../../../ThirdPerson/Content/Mannequin/Character/Mesh/SK_Mannequin_PhysicsAsset.uasset" 741
"../../../ThirdPerson/Content/Mannequin/Character/Mesh/SK_Mannequin.uasset" 742
"../../../ThirdPerson/Content/ThirdPersonBP/Maps/ThirdPersonExampleMap.umap" 743
"../../../Engine/Content/Maps/Entry.umap" 744
